[debug] [2020-01-25T07:54:05.041Z] ----------------------------------------------------------------------
[debug] [2020-01-25T07:54:05.044Z] Command:       C:\Program Files\nodejs\node.exe C:\Users\momar\AppData\Roaming\npm\node_modules\firebase-tools\lib\bin\firebase.js deploy
[debug] [2020-01-25T07:54:05.045Z] CLI Version:   7.11.0
[debug] [2020-01-25T07:54:05.045Z] Platform:      win32
[debug] [2020-01-25T07:54:05.045Z] Node Version:  v10.16.3
[debug] [2020-01-25T07:54:05.046Z] Time:          Sat Jan 25 2020 00:54:05 GMT-0700 (Mountain Standard Time)
[debug] [2020-01-25T07:54:05.046Z] ----------------------------------------------------------------------
[debug] [2020-01-25T07:54:05.046Z] 
[debug] [2020-01-25T07:54:05.072Z] > command requires scopes: ["email","openid","https://www.googleapis.com/auth/cloudplatformprojects.readonly","https://www.googleapis.com/auth/firebase","https://www.googleapis.com/auth/cloud-platform"]
[debug] [2020-01-25T07:54:05.073Z] > authorizing via signed-in user
[debug] [2020-01-25T07:54:05.074Z] [iam] checking project nxtdrop for permissions ["cloudfunctions.functions.create","cloudfunctions.functions.delete","cloudfunctions.functions.get","cloudfunctions.functions.list","cloudfunctions.functions.update","cloudfunctions.operations.get","firebase.projects.get","firebasehosting.sites.update"]
[debug] [2020-01-25T07:54:05.076Z] > refreshing access token with scopes: ["email","https://www.googleapis.com/auth/cloud-platform","https://www.googleapis.com/auth/cloudplatformprojects.readonly","https://www.googleapis.com/auth/firebase","openid"]
[debug] [2020-01-25T07:54:05.077Z] >>> HTTP REQUEST POST https://www.googleapis.com/oauth2/v3/token  
 <request body omitted>
[debug] [2020-01-25T07:54:05.336Z] <<< HTTP RESPONSE 200
[debug] [2020-01-25T07:54:05.354Z] >>> HTTP REQUEST POST https://cloudresourcemanager.googleapis.com/v1/projects/nxtdrop:testIamPermissions  

[debug] [2020-01-25T07:54:05.618Z] <<< HTTP RESPONSE 200
[debug] [2020-01-25T07:54:05.620Z] >>> HTTP REQUEST GET https://firebase.googleapis.com/v1beta1/projects/nxtdrop  
 
[debug] [2020-01-25T07:54:05.926Z] <<< HTTP RESPONSE 200
[info] 
[info] === Deploying to 'nxtdrop'...
[info] 
[info] i  deploying functions, hosting
[info] Running command: npm --prefix "$RESOURCE_DIR" run lint
[info] Running command: npm --prefix "$RESOURCE_DIR" run build
[info] +  functions: Finished running predeploy script.
[debug] [2020-01-25T07:54:23.476Z] > [functions] package.json contents: {
  "name": "functions",
  "scripts": {
    "lint": "tslint --project tsconfig.json",
    "build": "node cp-angular && tsc",
    "serve": "npm run build && firebase serve --only functions",
    "shell": "npm run build && firebase functions:shell",
    "start": "npm run shell",
    "deploy": "firebase deploy --only functions",
    "logs": "firebase functions:log"
  },
  "engines": {
    "node": "8"
  },
  "main": "lib/index.js",
  "dependencies": {
    "@angular/animations": "^8.2.10",
    "@angular/cdk": "^8.2.3",
    "@angular/common": "~8.2.10",
    "@angular/compiler": "~8.2.10",
    "@angular/core": "~8.2.10",
    "@angular/fire": "^5.2.1",
    "@angular/forms": "~8.2.10",
    "@angular/platform-browser": "~8.2.10",
    "@angular/platform-browser-dynamic": "~8.2.10",
    "@angular/platform-server": "~8.2.10",
    "@angular/router": "~8.2.10",
    "@fortawesome/angular-fontawesome": "^0.4.0",
    "@fortawesome/fontawesome-svg-core": "^1.2.19",
    "@fortawesome/free-brands-svg-icons": "^5.9.0",
    "@fortawesome/free-regular-svg-icons": "^5.9.0",
    "@fortawesome/free-solid-svg-icons": "^5.9.0",
    "@ngtools/webpack": "^8.0.2",
    "@nguniversal/express-engine": "^8.1.1",
    "@nguniversal/module-map-ngfactory-loader": "8.1.1",
    "@sendgrid/client": "^6.4.0",
    "@sendgrid/helpers": "^6.4.0",
    "@sendgrid/mail": "^6.4.0",
    "@types/braintree-web": "^3.47.0",
    "algoliasearch": "^3.33.0",
    "angular-google-tag-manager": "0.0.1",
    "axios": "^0.19.0",
    "braintree": "^2.19.0",
    "braintree-web": "^3.51.0",
    "core-js": "^2.5.4",
    "cors": "^2.8.5",
    "crypto-random-string": "^3.0.1",
    "express": "^4.17.1",
    "firebase": "^6.6.2",
    "firebase-admin": "^8.0.0",
    "firebase-functions": "^3.1.0",
    "fs-extra": "^8.1.0",
    "https": "^1.0.0",
    "https-proxy-agent": "^3.0.0",
    "install": "^0.13.0",
    "lodash": "^4.17.15",
    "mixin-deep": "^2.0.1",
    "ngx-cookie-service": "^2.3.0",
    "ngx-mask": "^8.0.6",
    "ngx-paypal": "^5.0.0",
    "paymentrails": "^0.9.7",
    "rxjs": "~6.5.3",
    "set-value": "^3.0.1",
    "shelljs": "^0.8.3",
    "tslib": "^1.9.0",
    "twilio": "^3.39.2",
    "zone.js": "^0.10.2"
  },
  "devDependencies": {
    "@types/algoliasearch": "^3.30.17",
    "@types/braintree": "^2.16.4",
    "tslint": "^5.12.0",
    "typescript": "^3.2.2",
    "@angular-devkit/build-angular": "^0.803.9",
    "@angular/cli": "^8.3.9",
    "@angular/compiler-cli": "~8.2.10",
    "@angular/language-service": "~8.2.10",
    "@types/jasmine": "~2.8.8",
    "@types/jasminewd2": "~2.0.3",
    "@types/node": "~8.9.4",
    "bufferutil": "^4.0.1",
    "codelyzer": "^5.1.0",
    "jasmine-core": "~2.99.1",
    "jasmine-spec-reporter": "~4.2.1",
    "karma": "~4.0.0",
    "karma-chrome-launcher": "~2.2.0",
    "karma-coverage-istanbul-reporter": "~2.0.1",
    "karma-jasmine": "~1.1.2",
    "karma-jasmine-html-reporter": "^0.2.2",
    "protractor": "~5.4.0",
    "ts-loader": "^5.2.0",
    "ts-node": "~7.0.0",
    "utf-8-validate": "^5.0.2",
    "webpack-cli": "^3.1.0",
    "ws": "^7.2.0",
    "xhr2": "^0.2.0"
  },
  "private": true
}
[info] i  functions: ensuring necessary APIs are enabled...
[debug] [2020-01-25T07:54:23.484Z] >>> HTTP REQUEST GET https://serviceusage.googleapis.com/v1/projects/nxtdrop/services/cloudfunctions.googleapis.com  
 
[debug] [2020-01-25T07:54:23.484Z] >>> HTTP REQUEST GET https://serviceusage.googleapis.com/v1/projects/nxtdrop/services/runtimeconfig.googleapis.com  
 
